<?xml version="1.0" encoding="UTF-8"?>
<testsuite xmlns:xsi="http://www.w3.org/2001/XMLSchema-instance" xsi:noNamespaceSchemaLocation="https://maven.apache.org/surefire/maven-surefire-plugin/xsd/surefire-test-report.xsd" version="3.0.2" name="com.example.linebot.LinebotApplicationTests" time="3.103" tests="1" errors="0" skipped="0" failures="0" flakes="0">
  <properties>
[...]
</properties>
  <testcase name="contextLoads" classname="com.example.linebot.LinebotApplicationTests" time="0.522">
    <system-out><![CDATA[21:44:15.007 [main] INFO org.springframework.test.context.support.AnnotationConfigContextLoaderUtils -- Could not detect default configuration classes for test class [com.example.linebot.LinebotApplicationTests]: LinebotApplicationTests does not declare any static, non-private, non-final, nested classes annotated with @Configuration.
21:44:15.116 [main] INFO org.springframework.boot.test.context.SpringBootTestContextBootstrapper -- Found @SpringBootConfiguration com.example.linebot.LinebotApplication for test class com.example.linebot.LinebotApplicationTests

  .   ____          _            __ _ _
 /\\ / ___'_ __ _ _(_)_ __  __ _ \ \ \ \
( ( )\___ | '_ | '_| | '_ \/ _` | \ \ \ \
 \\/  ___)| |_)| | | | | || (_| |  ) ) ) )
  '  |____| .__|_| |_|_| |_\__, | / / / /
 =========|_|==============|___/=/_/_/_/

 :: Spring Boot ::               (v3.5.14)

2026-07-21T21:44:15.433+09:00  INFO 77828 --- [linebot] [           main] c.e.linebot.LinebotApplicationTests      : Starting LinebotApplicationTests using Java 25.0.3 with PID 77828 (started by Admin in C:\Users\Admin\Desktop\linebot2)
2026-07-21T21:44:15.434+09:00  INFO 77828 --- [linebot] [           main] c.e.linebot.LinebotApplicationTests      : No active profile set, falling back to 1 default profile: "default"
2026-07-21T21:44:17.325+09:00  INFO 77828 --- [linebot] [           main] o.s.b.a.e.web.EndpointLinksResolver      : Exposing 1 endpoint beneath base path '/actuator'
2026-07-21T21:44:17.381+09:00  INFO 77828 --- [linebot] [           main] c.l.b.s.b.h.s.LineMessageHandlerSupport  : Registered LINE Messaging API event handler: count = 2
2026-07-21T21:44:17.383+09:00  INFO 77828 --- [linebot] [           main] c.l.b.s.b.h.s.LineMessageHandlerSupport  : Mapped "[EventArgumentResolver{klass=class com.linecorp.bot.webhook.model.MessageEvent}]" onto public java.util.List<com.linecorp.bot.messaging.model.Message> com.example.linebot.presentation.Callback.handleMessage(com.linecorp.bot.webhook.model.MessageEvent) throws java.lang.Exception
2026-07-21T21:44:17.383+09:00  INFO 77828 --- [linebot] [           main] c.l.b.s.b.h.s.LineMessageHandlerSupport  : Mapped "[EventArgumentResolver{klass=class com.linecorp.bot.webhook.model.FollowEvent}]" onto public com.linecorp.bot.messaging.model.Message com.example.linebot.presentation.Callback.handleFollow(com.linecorp.bot.webhook.model.FollowEvent)
2026-07-21T21:44:17.383+09:00  INFO 77828 --- [linebot] [           main] c.e.linebot.LinebotApplicationTests      : Started LinebotApplicationTests in 2.151 seconds (process running for 3.052)
]]></system-out>
    <system-err><![CDATA[Mockito is currently self-attaching to enable the inline-mock-maker. This will no longer work in future releases of the JDK. Please add Mockito as an agent to your build as described in Mockito's documentation: https://javadoc.io/doc/org.mockito/mockito-core/latest/org.mockito/org/mockito/Mockito.html#0.3
WARNING: A Java agent has been loaded dynamically (C:\Users\Admin\.m2\repository\net\bytebuddy\byte-buddy-agent\1.17.8\byte-buddy-agent-1.17.8.jar)
WARNING: If a serviceability tool is in use, please run with -XX:+EnableDynamicAgentLoading to hide this warning
WARNING: If a serviceability tool is not in use, please run with -Djdk.instrument.traceUsage for more information
WARNING: Dynamic loading of agents will be disallowed by default in a future release
]]></system-err>
  </testcase>
</testsuite>